Performing C++ SOURCE FILE Test CMAKE_HAVE_LIBC_PTHREAD failed with the following output:
Change Dir: C:/Users/Riley/Documents/crimson-code2023/gui/build-gui-Desktop_x86_windows_msvc2022_pe_64bit-MinSizeRel/CMakeFiles/CMakeTmp

Run Build Command(s):C:/PROGRA~1/MICROS~3/2022/COMMUN~1/Common7/IDE/COMMON~1/MICROS~1/CMake/Ninja/ninja.exe cmTC_6cb8b && [1/2] Building CXX object CMakeFiles\cmTC_6cb8b.dir\src.cxx.obj
FAILED: CMakeFiles/cmTC_6cb8b.dir/src.cxx.obj 
C:\PROGRA~1\MICROS~3\2022\COMMUN~1\VC\Tools\MSVC\1434~1.319\bin\HostX64\x64\cl.exe  /nologo /TP -DCMAKE_HAVE_LIBC_PTHREAD  /DWIN32 /D_WINDOWS /W3 /GR /EHsc  /MDd /Zi /Ob0 /Od /RTC1 -std:c++17 /showIncludes /FoCMakeFiles\cmTC_6cb8b.dir\src.cxx.obj /FdCMakeFiles\cmTC_6cb8b.dir\ /FS -c C:\Users\Riley\Documents\crimson-code2023\gui\build-gui-Desktop_x86_windows_msvc2022_pe_64bit-MinSizeRel\CMakeFiles\CMakeTmp\src.cxx
C:\Users\Riley\Documents\crimson-code2023\gui\build-gui-Desktop_x86_windows_msvc2022_pe_64bit-MinSizeRel\CMakeFiles\CMakeTmp\src.cxx(1): fatal error C1083: Cannot open include file: 'pthread.h': No such file or directory
ninja: build stopped: subcommand failed.


Source file was:
#include <pthread.h>

static void* test_func(void* data)
{
  return data;
}

int main(void)
{
  pthread_t thread;
  pthread_create(&thread, NULL, test_func, NULL);
  pthread_detach(thread);
  pthread_cancel(thread);
  pthread_join(thread, NULL);
  pthread_atfork(NULL, NULL, NULL);
  pthread_exit(NULL);

  return 0;
}

Determining if the function pthread_create exists in the pthreads failed with the following output:
Change Dir: C:/Users/Riley/Documents/crimson-code2023/gui/build-gui-Desktop_x86_windows_msvc2022_pe_64bit-MinSizeRel/CMakeFiles/CMakeTmp

Run Build Command(s):C:/PROGRA~1/MICROS~3/2022/COMMUN~1/Common7/IDE/COMMON~1/MICROS~1/CMake/Ninja/ninja.exe cmTC_cfe76 && [1/2] Building CXX object CMakeFiles\cmTC_cfe76.dir\CheckFunctionExists.cxx.obj
[2/2] Linking CXX executable cmTC_cfe76.exe
FAILED: cmTC_cfe76.exe 
cmd.exe /C "cd . && C:\Qt\Tools\CMake_64\bin\cmake.exe -E vs_link_exe --intdir=CMakeFiles\cmTC_cfe76.dir --rc=C:\PROGRA~2\WI3CF2~1\10\bin\100226~1.0\x64\rc.exe --mt=C:\PROGRA~2\WI3CF2~1\10\bin\100226~1.0\x64\mt.exe --manifests  -- C:\PROGRA~1\MICROS~3\2022\COMMUN~1\VC\Tools\MSVC\1434~1.319\bin\Hostx64\x64\link.exe /nologo CMakeFiles\cmTC_cfe76.dir\CheckFunctionExists.cxx.obj  /out:cmTC_cfe76.exe /implib:cmTC_cfe76.lib /pdb:cmTC_cfe76.pdb /version:0.0 /machine:x64  /debug /INCREMENTAL /subsystem:console  pthreads.lib  kernel32.lib user32.lib gdi32.lib winspool.lib shell32.lib ole32.lib oleaut32.lib uuid.lib comdlg32.lib advapi32.lib && cd ."
LINK Pass 1: command "C:\PROGRA~1\MICROS~3\2022\COMMUN~1\VC\Tools\MSVC\1434~1.319\bin\Hostx64\x64\link.exe /nologo CMakeFiles\cmTC_cfe76.dir\CheckFunctionExists.cxx.obj /out:cmTC_cfe76.exe /implib:cmTC_cfe76.lib /pdb:cmTC_cfe76.pdb /version:0.0 /machine:x64 /debug /INCREMENTAL /subsystem:console pthreads.lib kernel32.lib user32.lib gdi32.lib winspool.lib shell32.lib ole32.lib oleaut32.lib uuid.lib comdlg32.lib advapi32.lib /MANIFEST /MANIFESTFILE:CMakeFiles\cmTC_cfe76.dir/intermediate.manifest CMakeFiles\cmTC_cfe76.dir/manifest.res" failed (exit code 1104) with the following output:
LINK : fatal error LNK1104: cannot open file 'pthreads.lib'
ninja: build stopped: subcommand failed.



Determining if the function pthread_create exists in the pthread failed with the following output:
Change Dir: C:/Users/Riley/Documents/crimson-code2023/gui/build-gui-Desktop_x86_windows_msvc2022_pe_64bit-MinSizeRel/CMakeFiles/CMakeTmp

Run Build Command(s):C:/PROGRA~1/MICROS~3/2022/COMMUN~1/Common7/IDE/COMMON~1/MICROS~1/CMake/Ninja/ninja.exe cmTC_759b8 && [1/2] Building CXX object CMakeFiles\cmTC_759b8.dir\CheckFunctionExists.cxx.obj
[2/2] Linking CXX executable cmTC_759b8.exe
FAILED: cmTC_759b8.exe 
cmd.exe /C "cd . && C:\Qt\Tools\CMake_64\bin\cmake.exe -E vs_link_exe --intdir=CMakeFiles\cmTC_759b8.dir --rc=C:\PROGRA~2\WI3CF2~1\10\bin\100226~1.0\x64\rc.exe --mt=C:\PROGRA~2\WI3CF2~1\10\bin\100226~1.0\x64\mt.exe --manifests  -- C:\PROGRA~1\MICROS~3\2022\COMMUN~1\VC\Tools\MSVC\1434~1.319\bin\Hostx64\x64\link.exe /nologo CMakeFiles\cmTC_759b8.dir\CheckFunctionExists.cxx.obj  /out:cmTC_759b8.exe /implib:cmTC_759b8.lib /pdb:cmTC_759b8.pdb /version:0.0 /machine:x64  /debug /INCREMENTAL /subsystem:console  pthread.lib  kernel32.lib user32.lib gdi32.lib winspool.lib shell32.lib ole32.lib oleaut32.lib uuid.lib comdlg32.lib advapi32.lib && cd ."
LINK Pass 1: command "C:\PROGRA~1\MICROS~3\2022\COMMUN~1\VC\Tools\MSVC\1434~1.319\bin\Hostx64\x64\link.exe /nologo CMakeFiles\cmTC_759b8.dir\CheckFunctionExists.cxx.obj /out:cmTC_759b8.exe /implib:cmTC_759b8.lib /pdb:cmTC_759b8.pdb /version:0.0 /machine:x64 /debug /INCREMENTAL /subsystem:console pthread.lib kernel32.lib user32.lib gdi32.lib winspool.lib shell32.lib ole32.lib oleaut32.lib uuid.lib comdlg32.lib advapi32.lib /MANIFEST /MANIFESTFILE:CMakeFiles\cmTC_759b8.dir/intermediate.manifest CMakeFiles\cmTC_759b8.dir/manifest.res" failed (exit code 1104) with the following output:
LINK : fatal error LNK1104: cannot open file 'pthread.lib'
ninja: build stopped: subcommand failed.



